#
# There is insufficient memory for the Java Runtime Environment to continue.
# Native memory allocation (mmap) failed to map 146800640 bytes for committing reserved memory.
# Possible reasons:
#   The system is out of physical RAM or swap space
#   In 32 bit mode, the process size limit was hit
# Possible solutions:
#   Reduce memory load on the system
#   Increase physical memory or swap space
#   Check if swap backing store is full
#   Use 64 bit Java on a 64 bit OS
#   Decrease Java heap size (-Xmx/-Xms)
#   Decrease number of Java threads
#   Decrease Java thread stack sizes (-Xss)
#   Set larger code cache with -XX:ReservedCodeCacheSize=
# This output file may be truncated or incomplete.
#
#  Out of Memory Error (os_linux.cpp:2627), pid=21234, tid=140606635206400
#
# JRE version: Java(TM) SE Runtime Environment (8.0_73-b02) (build 1.8.0_73-b02)
# Java VM: Java HotSpot(TM) 64-Bit Server VM (25.73-b02 mixed mode linux-amd64 compressed oops)
# Failed to write core dump. Core dumps have been disabled. To enable core dumping, try "ulimit -c unlimited" before starting Java again
#

---------------  T H R E A D  ---------------

Current thread (0x00007fe198078000):  VMThread [stack: 0x00007fe1887b6000,0x00007fe1888b7000] [id=21244]

Stack: [0x00007fe1887b6000,0x00007fe1888b7000],  sp=0x00007fe1888b5020,  free space=1020k
Native frames: (J=compiled Java code, j=interpreted, Vv=VM code, C=native code)
V  [libjvm.so+0xaba71a]  VMError::report_and_die()+0x2ba
V  [libjvm.so+0x4f9ecb]  report_vm_out_of_memory(char const*, int, unsigned long, VMErrorType, char const*)+0x8b
V  [libjvm.so+0x91b553]  os::Linux::commit_memory_impl(char*, unsigned long, bool)+0x103
V  [libjvm.so+0x91baa9]  os::pd_commit_memory(char*, unsigned long, unsigned long, bool)+0x29
V  [libjvm.so+0x915dba]  os::commit_memory(char*, unsigned long, unsigned long, bool)+0x2a
V  [libjvm.so+0x989463]  PSVirtualSpace::expand_by(unsigned long)+0x53
V  [libjvm.so+0x98a868]  PSYoungGen::resize_generation(unsigned long, unsigned long)+0xf8
V  [libjvm.so+0x9899c2]  PSYoungGen::resize(unsigned long, unsigned long)+0x22
V  [libjvm.so+0x986c9b]  PSScavenge::invoke_no_policy()+0xf3b
V  [libjvm.so+0x987421]  PSScavenge::invoke()+0x41
V  [libjvm.so+0x93f1b0]  ParallelScavengeHeap::failed_mem_allocate(unsigned long)+0x70
V  [libjvm.so+0xabc137]  VM_ParallelGCFailedAllocation::doit()+0x97
V  [libjvm.so+0xac3b65]  VM_Operation::evaluate()+0x55
V  [libjvm.so+0xac1f3a]  VMThread::evaluate_operation(VM_Operation*)+0xba
V  [libjvm.so+0xac22be]  VMThread::loop()+0x1ce
V  [libjvm.so+0xac2730]  VMThread::run()+0x70
V  [libjvm.so+0x91d918]  java_start(Thread*)+0x108

VM_Operation (0x00007fe1817f5c10): ParallelGCFailedAllocation, mode: safepoint, requested by thread 0x00007fe198156000


---------------  P R O C E S S  ---------------

Java Threads: ( => current thread )
  0x00007fe198156000 JavaThread "pool-2-thread-4" [_thread_blocked, id=21268, stack(0x00007fe1816f7000,0x00007fe1817f8000)]
  0x00007fe198154000 JavaThread "pool-2-thread-3" [_thread_blocked, id=21267, stack(0x00007fe1817f8000,0x00007fe1818f9000)]
  0x00007fe198153000 JavaThread "pool-2-thread-2" [_thread_blocked, id=21266, stack(0x00007fe1818f9000,0x00007fe1819fa000)]
  0x00007fe198146800 JavaThread "pool-3-thread-1" [_thread_blocked, id=21263, stack(0x00007fe1819fa000,0x00007fe181afb000)]
  0x00007fe198144800 JavaThread "pool-2-thread-1" [_thread_blocked, id=21261, stack(0x00007fe181afb000,0x00007fe181bfc000)]
  0x00007fe1980d0000 JavaThread "Service Thread" daemon [_thread_blocked, id=21252, stack(0x00007fe181cfd000,0x00007fe181dfe000)]
  0x00007fe1980bb000 JavaThread "C1 CompilerThread2" daemon [_thread_blocked, id=21251, stack(0x00007fe181dfe000,0x00007fe181eff000)]
  0x00007fe1980b9000 JavaThread "C2 CompilerThread1" daemon [_thread_blocked, id=21250, stack(0x00007fe181eff000,0x00007fe182000000)]
  0x00007fe1980b6000 JavaThread "C2 CompilerThread0" daemon [_thread_blocked, id=21249, stack(0x00007fe1880da000,0x00007fe1881db000)]
  0x00007fe1980b5000 JavaThread "Signal Dispatcher" daemon [_thread_blocked, id=21248, stack(0x00007fe1881db000,0x00007fe1882dc000)]
  0x00007fe19807f000 JavaThread "Finalizer" daemon [_thread_blocked, id=21247, stack(0x00007fe1885b4000,0x00007fe1886b5000)]
  0x00007fe19807d000 JavaThread "Reference Handler" daemon [_thread_blocked, id=21246, stack(0x00007fe1886b5000,0x00007fe1887b6000)]
  0x00007fe19800a000 JavaThread "main" [_thread_blocked, id=21236, stack(0x00007fe1a0e79000,0x00007fe1a0f7a000)]

Other Threads:
=>0x00007fe198078000 VMThread [stack: 0x00007fe1887b6000,0x00007fe1888b7000] [id=21244]
  0x00007fe1980d3000 WatcherThread [stack: 0x00007fe181bfc000,0x00007fe181cfd000] [id=21253]

VM state:at safepoint (normal execution)

VM Mutex/Monitor currently owned by a thread:  ([mutex/lock_event])
[0x00007fe198006550] Threads_lock - owner thread: 0x00007fe198078000
[0x00007fe198006a50] Heap_lock - owner thread: 0x00007fe198156000

Heap:
 PSYoungGen      total 141824K, used 16886K [0x00000000eab00000, 0x00000000f4800000, 0x0000000100000000)
  eden space 124928K, 0% used [0x00000000eab00000,0x00000000eab00000,0x00000000f2500000)
  from space 16896K, 99% used [0x00000000f2500000,0x00000000f357db28,0x00000000f3580000)
  to   space 14848K, 0% used [0x00000000f3580000,0x00000000f3580000,0x00000000f4400000)
 ParOldGen       total 42496K, used 36000K [0x00000000c0000000, 0x00000000c2980000, 0x00000000eab00000)
  object space 42496K, 84% used [0x00000000c0000000,0x00000000c23281e0,0x00000000c2980000)
 Metaspace       used 6264K, capacity 7128K, committed 7424K, reserved 1056768K
  class space    used 612K, capacity 656K, committed 768K, reserved 1048576K

Card table byte_map: [0x00007fe19da33000,0x00007fe19dc34000] byte_map_base: 0x00007fe19d433000

Marking Bits: (ParMarkBitMap*) 0x00007fe1a0350100
 Begin Bits: [0x00007fe182000000, 0x00007fe183000000)
 End Bits:   [0x00007fe183000000, 0x00007fe184000000)

Polling page: 0x00007fe1a0f9d000

CodeCache: size=245760Kb used=6651Kb max_used=6651Kb free=239108Kb
 bounds [0x00007fe189000000, 0x00007fe189690000, 0x00007fe198000000]
 total_blobs=2020 nmethods=1751 adapters=182
 compilation: enabled

Compilation events (10 events):
Event: 7.538 Thread 0x00007fe1980bb000 nmethod 2079 0x00007fe1896820d0 code [0x00007fe189682260, 0x00007fe189682618]
Event: 7.538 Thread 0x00007fe1980bb000 2040       2       com.android.dx.command.dexer.Main::access$1600 (4 bytes)
Event: 7.538 Thread 0x00007fe1980bb000 nmethod 2040 0x00007fe189682910 code [0x00007fe189682a60, 0x00007fe189682b90]
Event: 7.538 Thread 0x00007fe1980bb000 2045       2       java.util.concurrent.locks.AbstractQueuedSynchronizer::acquire (27 bytes)
Event: 7.539 Thread 0x00007fe1980bb000 nmethod 2045 0x00007fe189682c10 code [0x00007fe189682da0, 0x00007fe189682fb8]
Event: 7.539 Thread 0x00007fe1980bb000 2021       2       com.android.dx.cf.direct.FieldListParser::set (30 bytes)
Event: 7.539 Thread 0x00007fe1980bb000 nmethod 2021 0x00007fe1896830d0 code [0x00007fe189683280, 0x00007fe189683798]
Event: 7.539 Thread 0x00007fe1980bb000 2022       2       com.android.dx.cf.iface.StdField::<init> (10 bytes)
Event: 7.540 Thread 0x00007fe1980bb000 nmethod 2022 0x00007fe189683e10 code [0x00007fe189683f80, 0x00007fe1896840e8]
Event: 7.540 Thread 0x00007fe1980bb000 2023       2       com.android.dx.cf.iface.StdFieldList::set (7 bytes)

GC Heap History (10 events):
Event: 2.334 GC heap after
Heap after GC invocations=2 (full 0):
 PSYoungGen      total 34304K, used 2554K [0x00000000eab00000, 0x00000000ecf00000, 0x0000000100000000)
  eden space 31744K, 0% used [0x00000000eab00000,0x00000000eab00000,0x00000000eca00000)
  from space 2560K, 99% used [0x00000000ecc80000,0x00000000ecefeb18,0x00000000ecf00000)
  to   space 2560K, 0% used [0x00000000eca00000,0x00000000eca00000,0x00000000ecc80000)
 ParOldGen       total 42496K, used 2275K [0x00000000c0000000, 0x00000000c2980000, 0x00000000eab00000)
  object space 42496K, 5% used [0x00000000c0000000,0x00000000c0238db8,0x00000000c2980000)
 Metaspace       used 5718K, capacity 6704K, committed 6784K, reserved 1056768K
  class space    used 589K, capacity 616K, committed 640K, reserved 1048576K
}
Event: 3.422 GC heap before
{Heap before GC invocations=3 (full 0):
 PSYoungGen      total 34304K, used 34298K [0x00000000eab00000, 0x00000000ecf00000, 0x0000000100000000)
  eden space 31744K, 100% used [0x00000000eab00000,0x00000000eca00000,0x00000000eca00000)
  from space 2560K, 99% used [0x00000000ecc80000,0x00000000ecefeb18,0x00000000ecf00000)
  to   space 2560K, 0% used [0x00000000eca00000,0x00000000eca00000,0x00000000ecc80000)
 ParOldGen       total 42496K, used 2275K [0x00000000c0000000, 0x00000000c2980000, 0x00000000eab00000)
  object space 42496K, 5% used [0x00000000c0000000,0x00000000c0238db8,0x00000000c2980000)
 Metaspace       used 5846K, capacity 6832K, committed 7040K, reserved 1056768K
  class space    used 591K, capacity 616K, committed 640K, reserved 1048576K
Event: 3.449 GC heap after
Heap after GC invocations=3 (full 0):
 PSYoungGen      total 34304K, used 2540K [0x00000000eab00000, 0x00000000eee00000, 0x0000000100000000)
  eden space 31744K, 0% used [0x00000000eab00000,0x00000000eab00000,0x00000000eca00000)
  from space 2560K, 99% used [0x00000000eca00000,0x00000000ecc7b338,0x00000000ecc80000)
  to   space 2560K, 0% used [0x00000000eeb80000,0x00000000eeb80000,0x00000000eee00000)
 ParOldGen       total 42496K, used 6963K [0x00000000c0000000, 0x00000000c2980000, 0x00000000eab00000)
  object space 42496K, 16% used [0x00000000c0000000,0x00000000c06ccdb0,0x00000000c2980000)
 Metaspace       used 5846K, capacity 6832K, committed 7040K, reserved 1056768K
  class space    used 591K, capacity 616K, committed 640K, reserved 1048576K
}
Event: 3.968 GC heap before
{Heap before GC invocations=4 (full 0):
 PSYoungGen      total 34304K, used 34284K [0x00000000eab00000, 0x00000000eee00000, 0x0000000100000000)
  eden space 31744K, 100% used [0x00000000eab00000,0x00000000eca00000,0x00000000eca00000)
  from space 2560K, 99% used [0x00000000eca00000,0x00000000ecc7b338,0x00000000ecc80000)
  to   space 2560K, 0% used [0x00000000eeb80000,0x00000000eeb80000,0x00000000eee00000)
 ParOldGen       total 42496K, used 6963K [0x00000000c0000000, 0x00000000c2980000, 0x00000000eab00000)
  object space 42496K, 16% used [0x00000000c0000000,0x00000000c06ccdb0,0x00000000c2980000)
 Metaspace       used 5912K, capacity 6896K, committed 7040K, reserved 1056768K
  class space    used 592K, capacity 616K, committed 640K, reserved 1048576K
Event: 4.037 GC heap after
Heap after GC invocations=4 (full 0):
 PSYoungGen      total 66048K, used 2529K [0x00000000eab00000, 0x00000000eee00000, 0x0000000100000000)
  eden space 63488K, 0% used [0x00000000eab00000,0x00000000eab00000,0x00000000ee900000)
  from space 2560K, 98% used [0x00000000eeb80000,0x00000000eedf85c0,0x00000000eee00000)
  to   space 2560K, 0% used [0x00000000ee900000,0x00000000ee900000,0x00000000eeb80000)
 ParOldGen       total 42496K, used 12599K [0x00000000c0000000, 0x00000000c2980000, 0x00000000eab00000)
  object space 42496K, 29% used [0x00000000c0000000,0x00000000c0c4dc80,0x00000000c2980000)
 Metaspace       used 5912K, capacity 6896K, committed 7040K, reserved 1056768K
  class space    used 592K, capacity 616K, committed 640K, reserved 1048576K
}
Event: 4.788 GC heap before
{Heap before GC invocations=5 (full 0):
 PSYoungGen      total 66048K, used 66017K [0x00000000eab00000, 0x00000000eee00000, 0x0000000100000000)
  eden space 63488K, 100% used [0x00000000eab00000,0x00000000ee900000,0x00000000ee900000)
  from space 2560K, 98% used [0x00000000eeb80000,0x00000000eedf85c0,0x00000000eee00000)
  to   space 2560K, 0% used [0x00000000ee900000,0x00000000ee900000,0x00000000eeb80000)
 ParOldGen       total 42496K, used 12599K [0x00000000c0000000, 0x00000000c2980000, 0x00000000eab00000)
  object space 42496K, 29% used [0x00000000c0000000,0x00000000c0c4dc80,0x00000000c2980000)
 Metaspace       used 5941K, capacity 6896K, committed 7040K, reserved 1056768K
  class space    used 592K, capacity 616K, committed 640K, reserved 1048576K
Event: 4.876 GC heap after
Heap after GC invocations=5 (full 0):
 PSYoungGen      total 66048K, used 2529K [0x00000000eab00000, 0x00000000f4400000, 0x0000000100000000)
  eden space 63488K, 0% used [0x00000000eab00000,0x00000000eab00000,0x00000000ee900000)
  from space 2560K, 98% used [0x00000000ee900000,0x00000000eeb785c0,0x00000000eeb80000)
  to   space 14848K, 0% used [0x00000000f3580000,0x00000000f3580000,0x00000000f4400000)
 ParOldGen       total 42496K, used 22219K [0x00000000c0000000, 0x00000000c2980000, 0x00000000eab00000)
  object space 42496K, 52% used [0x00000000c0000000,0x00000000c15b2df0,0x00000000c2980000)
 Metaspace       used 5941K, capacity 6896K, committed 7040K, reserved 1056768K
  class space    used 592K, capacity 616K, committed 640K, reserved 1048576K
}
Event: 5.777 GC heap before
{Heap before GC invocations=6 (full 0):
 PSYoungGen      total 66048K, used 66017K [0x00000000eab00000, 0x00000000f4400000, 0x0000000100000000)
  eden space 63488K, 100% used [0x00000000eab00000,0x00000000ee900000,0x00000000ee900000)
  from space 2560K, 98% used [0x00000000ee900000,0x00000000eeb785c0,0x00000000eeb80000)
  to   space 14848K, 0% used [0x00000000f3580000,0x00000000f3580000,0x00000000f4400000)
 ParOldGen       total 42496K, used 22219K [0x00000000c0000000, 0x00000000c2980000, 0x00000000eab00000)
  object space 42496K, 52% used [0x00000000c0000000,0x00000000c15b2df0,0x00000000c2980000)
 Metaspace       used 6022K, capacity 6960K, committed 7040K, reserved 1056768K
  class space    used 592K, capacity 616K, committed 640K, reserved 1048576K
Event: 5.906 GC heap after
Heap after GC invocations=6 (full 0):
 PSYoungGen      total 139776K, used 12845K [0x00000000eab00000, 0x00000000f4800000, 0x0000000100000000)
  eden space 124928K, 0% used [0x00000000eab00000,0x00000000eab00000,0x00000000f2500000)
  from space 14848K, 86% used [0x00000000f3580000,0x00000000f420b708,0x00000000f4400000)
  to   space 16896K, 0% used [0x00000000f2500000,0x00000000f2500000,0x00000000f3580000)
 ParOldGen       total 42496K, used 22219K [0x00000000c0000000, 0x00000000c2980000, 0x00000000eab00000)
  object space 42496K, 52% used [0x00000000c0000000,0x00000000c15b2df0,0x00000000c2980000)
 Metaspace       used 6022K, capacity 6960K, committed 7040K, reserved 1056768K
  class space    used 592K, capacity 616K, committed 640K, reserved 1048576K
}
Event: 7.564 GC heap before
{Heap before GC invocations=7 (full 0):
 PSYoungGen      total 139776K, used 137773K [0x00000000eab00000, 0x00000000f4800000, 0x0000000100000000)
  eden space 124928K, 100% used [0x00000000eab00000,0x00000000f2500000,0x00000000f2500000)
  from space 14848K, 86% used [0x00000000f3580000,0x00000000f420b708,0x00000000f4400000)
  to   space 16896K, 0% used [0x00000000f2500000,0x00000000f2500000,0x00000000f3580000)
 ParOldGen       total 42496K, used 22219K [0x00000000c0000000, 0x00000000c2980000, 0x00000000eab00000)
  object space 42496K, 52% used [0x00000000c0000000,0x00000000c15b2df0,0x00000000c2980000)
 Metaspace       used 6264K, capacity 7128K, committed 7424K, reserved 1056768K
  class space    used 612K, capacity 656K, committed 768K, reserved 1048576K

Deoptimization events (10 events):
Event: 3.706 Thread 0x00007fe198156000 Uncommon trap: reason=unstable_if action=reinterpret pc=0x00007fe189359884 method=com.android.dx.util.IntList.binarysearch(I)I @ 105
Event: 3.723 Thread 0x00007fe198154000 Uncommon trap: reason=unstable_if action=reinterpret pc=0x00007fe18928be64 method=com.android.dx.rop.code.RegisterSpec.equals(ILcom/android/dx/rop/type/TypeBearer;Lcom/android/dx/rop/code/LocalItem;)Z @ 42
Event: 3.825 Thread 0x00007fe198154000 Uncommon trap: reason=unstable_if action=reinterpret pc=0x00007fe18934e9bc method=com.android.dx.ssa.SsaMethod.updateOneDefinition(Lcom/android/dx/ssa/SsaInsn;Lcom/android/dx/rop/code/RegisterSpec;)V @ 4
Event: 5.212 Thread 0x00007fe198156000 Uncommon trap: reason=unstable_if action=reinterpret pc=0x00007fe1894d5cdc method=com.android.dx.ssa.SCCP.simulateStmt(Lcom/android/dx/ssa/SsaInsn;)V @ 53
Event: 5.278 Thread 0x00007fe198156000 Uncommon trap: reason=class_check action=maybe_recompile pc=0x00007fe1893970dc method=java.util.HashMap.putVal(ILjava/lang/Object;Ljava/lang/Object;ZZ)Ljava/lang/Object; @ 203
Event: 6.771 Thread 0x00007fe198156000 Uncommon trap: reason=unstable_if action=reinterpret pc=0x00007fe1892dd8d4 method=java.util.HashMap.putVal(ILjava/lang/Object;Ljava/lang/Object;ZZ)Ljava/lang/Object; @ 162
Event: 6.780 Thread 0x00007fe198156000 Uncommon trap: reason=unstable_if action=reinterpret pc=0x00007fe1895c1f34 method=java.util.HashMap.getNode(ILjava/lang/Object;)Ljava/util/HashMap$Node; @ 84
Event: 7.005 Thread 0x00007fe198144800 Uncommon trap: reason=unstable_if action=reinterpret pc=0x00007fe18950cac0 method=com.android.dx.ssa.MoveParamCombiner$1.visitNonMoveInsn(Lcom/android/dx/ssa/NormalSsaInsn;)V @ 27
Event: 7.140 Thread 0x00007fe198144800 Uncommon trap: reason=bimorphic action=maybe_recompile pc=0x00007fe189579908 method=com.android.dx.ssa.LiteralOpUpgrader.tryReplacingWithConstant(Lcom/android/dx/ssa/NormalSsaInsn;)Z @ 62
Event: 7.197 Thread 0x00007fe198144800 Uncommon trap: reason=bimorphic action=maybe_recompile pc=0x00007fe189579908 method=com.android.dx.ssa.LiteralOpUpgrader.tryReplacingWithConstant(Lcom/android/dx/ssa/NormalSsaInsn;)Z @ 62

Internal exceptions (6 events):
Event: 0.211 Thread 0x00007fe19800a000 Exception <a 'java/lang/NoSuchMethodError': Method sun.misc.Unsafe.defineClass(Ljava/lang/String;[BII)Ljava/lang/Class; name or signature does not match> (0x00000000eab12be8) thrown at [/HUDSON3/workspace/8-2-build-linux-amd64/jdk8u73/6086/hotspot/src/sha
Event: 0.211 Thread 0x00007fe19800a000 Exception <a 'java/lang/NoSuchMethodError': Method sun.misc.Unsafe.prefetchRead(Ljava/lang/Object;J)V name or signature does not match> (0x00000000eab12ed0) thrown at [/HUDSON3/workspace/8-2-build-linux-amd64/jdk8u73/6086/hotspot/src/share/vm/prims/jni.cp
Event: 3.219 Thread 0x00007fe198154000 Implicit null exception at 0x00007fe18929cc31 to 0x00007fe18929f2c1
Event: 6.777 Thread 0x00007fe198156000 Exception <a 'java/lang/ArrayIndexOutOfBoundsException': 18> (0x00000000eeb66918) thrown at [/HUDSON3/workspace/8-2-build-linux-amd64/jdk8u73/6086/hotspot/src/share/vm/interpreter/interpreterRuntime.cpp, line 366]
Event: 6.778 Thread 0x00007fe198156000 Exception <a 'java/lang/ArrayIndexOutOfBoundsException': 145> (0x00000000eeb68498) thrown at [/HUDSON3/workspace/8-2-build-linux-amd64/jdk8u73/6086/hotspot/src/share/vm/interpreter/interpreterRuntime.cpp, line 366]
Event: 6.779 Thread 0x00007fe198156000 Exception <a 'java/lang/ArrayIndexOutOfBoundsException': 40> (0x00000000eeb69780) thrown at [/HUDSON3/workspace/8-2-build-linux-amd64/jdk8u73/6086/hotspot/src/share/vm/interpreter/interpreterRuntime.cpp, line 366]

Events (10 events):
Event: 7.370 Thread 0x00007fe198144800 DEOPT UNPACKING pc=0x00007fe189047633 sp=0x00007fe181bf97c8 mode 0
Event: 7.414 Thread 0x00007fe198144800 DEOPT PACKING pc=0x00007fe189513c2c sp=0x00007fe181bf9d30
Event: 7.414 Thread 0x00007fe198144800 DEOPT UNPACKING pc=0x00007fe189047633 sp=0x00007fe181bf9b18 mode 0
Event: 7.415 Thread 0x00007fe198144800 DEOPT PACKING pc=0x00007fe18951312d sp=0x00007fe181bf9ea0
Event: 7.415 Thread 0x00007fe198144800 DEOPT UNPACKING pc=0x00007fe189047633 sp=0x00007fe181bf9bf8 mode 0
Event: 7.474 Thread 0x00007fe198153000 DEOPT PACKING pc=0x00007fe1892932ed sp=0x00007fe1819f7b40
Event: 7.474 Thread 0x00007fe198153000 DEOPT UNPACKING pc=0x00007fe189047633 sp=0x00007fe1819f78c8 mode 0
Event: 7.548 Thread 0x00007fe198153000 DEOPT PACKING pc=0x00007fe1893942ec sp=0x00007fe1819f7de0
Event: 7.548 Thread 0x00007fe198153000 DEOPT UNPACKING pc=0x00007fe189047633 sp=0x00007fe1819f7ae0 mode 0
Event: 7.555 Executing VM operation: ParallelGCFailedAllocation


Dynamic libraries:
00400000-00401000 r-xp 00000000 08:07 3814112                            /usr/local/java/jdk1.8.0_73/bin/java
00600000-00601000 rw-p 00000000 08:07 3814112                            /usr/local/java/jdk1.8.0_73/bin/java
0188f000-018b0000 rw-p 00000000 00:00 0                                  [heap]
c0000000-c2980000 rw-p 00000000 00:00 0 
c2980000-eab00000 ---p 00000000 00:00 0 
eab00000-f4800000 rw-p 00000000 00:00 0 
fd400000-100000000 ---p 00000000 00:00 0 
100000000-1000c0000 rw-p 00000000 00:00 0 
1000c0000-140000000 ---p 00000000 00:00 0 
7fe13c000000-7fe13c021000 rw-p 00000000 00:00 0 
7fe13c021000-7fe140000000 ---p 00000000 00:00 0 
7fe140000000-7fe140023000 rw-p 00000000 00:00 0 
7fe140023000-7fe144000000 ---p 00000000 00:00 0 
7fe144000000-7fe144021000 rw-p 00000000 00:00 0 
7fe144021000-7fe148000000 ---p 00000000 00:00 0 
7fe148000000-7fe148021000 rw-p 00000000 00:00 0 
7fe148021000-7fe14c000000 ---p 00000000 00:00 0 
7fe14c000000-7fe14c021000 rw-p 00000000 00:00 0 
7fe14c021000-7fe150000000 ---p 00000000 00:00 0 
7fe150000000-7fe150030000 rw-p 00000000 00:00 0 
7fe150030000-7fe154000000 ---p 00000000 00:00 0 
7fe154000000-7fe154893000 rw-p 00000000 00:00 0 
7fe154893000-7fe158000000 ---p 00000000 00:00 0 
7fe158000000-7fe158021000 rw-p 00000000 00:00 0 
7fe158021000-7fe15c000000 ---p 00000000 00:00 0 
7fe15c000000-7fe15c8ec000 rw-p 00000000 00:00 0 
7fe15c8ec000-7fe160000000 ---p 00000000 00:00 0 
7fe160000000-7fe160a4c000 rw-p 00000000 00:00 0 
7fe160a4c000-7fe164000000 ---p 00000000 00:00 0 
7fe164000000-7fe164021000 rw-p 00000000 00:00 0 
7fe164021000-7fe168000000 ---p 00000000 00:00 0 
7fe168000000-7fe168021000 rw-p 00000000 00:00 0 
7fe168021000-7fe16c000000 ---p 00000000 00:00 0 
7fe16c000000-7fe16c28d000 rw-p 00000000 00:00 0 
7fe16c28d000-7fe170000000 ---p 00000000 00:00 0 
7fe170000000-7fe170021000 rw-p 00000000 00:00 0 
7fe170021000-7fe174000000 ---p 00000000 00:00 0 
7fe174000000-7fe174021000 rw-p 00000000 00:00 0 
7fe174021000-7fe178000000 ---p 00000000 00:00 0 
7fe178000000-7fe178021000 rw-p 00000000 00:00 0 
7fe178021000-7fe17c000000 ---p 00000000 00:00 0 
7fe17c000000-7fe17c021000 rw-p 00000000 00:00 0 
7fe17c021000-7fe180000000 ---p 00000000 00:00 0 
7fe1816f7000-7fe1816fa000 ---p 00000000 00:00 0 
7fe1816fa000-7fe1817f8000 rw-p 00000000 00:00 0 
7fe1817f8000-7fe1817fb000 ---p 00000000 00:00 0 
7fe1817fb000-7fe1818f9000 rw-p 00000000 00:00 0 
7fe1818f9000-7fe1818fc000 ---p 00000000 00:00 0 
7fe1818fc000-7fe1819fa000 rw-p 00000000 00:00 0 
7fe1819fa000-7fe1819fd000 ---p 00000000 00:00 0 
7fe1819fd000-7fe181afb000 rw-p 00000000 00:00 0 
7fe181afb000-7fe181afe000 ---p 00000000 00:00 0 
7fe181afe000-7fe181bfc000 rw-p 00000000 00:00 0 
7fe181bfc000-7fe181bfd000 ---p 00000000 00:00 0 
7fe181bfd000-7fe181cfd000 rw-p 00000000 00:00 0 
7fe181cfd000-7fe181d00000 ---p 00000000 00:00 0 
7fe181d00000-7fe181dfe000 rw-p 00000000 00:00 0 
7fe181dfe000-7fe181e01000 ---p 00000000 00:00 0 
7fe181e01000-7fe181eff000 rw-p 00000000 00:00 0 
7fe181eff000-7fe181f02000 ---p 00000000 00:00 0 
7fe181f02000-7fe184000000 rw-p 00000000 00:00 0 
7fe184000000-7fe184021000 rw-p 00000000 00:00 0 
7fe184021000-7fe188000000 ---p 00000000 00:00 0 
7fe1880c4000-7fe1880da000 r--s 000f1000 08:07 2515835                    /home/neeraj/AndroidStudioProjects/PopularMovies/app/build/intermediates/exploded-aar/com.android.support/support-v4/23.4.0/jars/classes.jar
7fe1880da000-7fe1880dd000 ---p 00000000 00:00 0 
7fe1880dd000-7fe1881db000 rw-p 00000000 00:00 0 
7fe1881db000-7fe1881de000 ---p 00000000 00:00 0 
7fe1881de000-7fe1882dc000 rw-p 00000000 00:00 0 
7fe1882dc000-7fe1885b4000 r--p 00000000 08:07 3671456                    /usr/lib/locale/locale-archive
7fe1885b4000-7fe1885b7000 ---p 00000000 00:00 0 
7fe1885b7000-7fe1886b5000 rw-p 00000000 00:00 0 
7fe1886b5000-7fe1886b8000 ---p 00000000 00:00 0 
7fe1886b8000-7fe1887b6000 rw-p 00000000 00:00 0 
7fe1887b6000-7fe1887b7000 ---p 00000000 00:00 0 
7fe1887b7000-7fe189000000 rw-p 00000000 00:00 0 
7fe189000000-7fe189690000 rwxp 00000000 00:00 0 
7fe189690000-7fe198000000 ---p 00000000 00:00 0 
7fe198000000-7fe19839c000 rw-p 00000000 00:00 0 
7fe19839c000-7fe19c000000 ---p 00000000 00:00 0 
7fe19c011000-7fe19c020000 r--s 000df000 08:07 2372315                    /home/neeraj/Android/Sdk/build-tools/23.0.3/lib/dx.jar
7fe19c020000-7fe19c88b000 rw-p 00000000 00:00 0 
7fe19c88b000-7fe19ca63000 r--s 03d23000 08:07 3814186                    /usr/local/java/jdk1.8.0_73/jre/lib/rt.jar
7fe19ca63000-7fe19d159000 rw-p 00000000 00:00 0 
7fe19d159000-7fe19d2d9000 ---p 00000000 00:00 0 
7fe19d2d9000-7fe19d4d9000 rw-p 00000000 00:00 0 
7fe19d4d9000-7fe19d4da000 ---p 00000000 00:00 0 
7fe19d4da000-7fe19d5da000 rw-p 00000000 00:00 0 
7fe19d5da000-7fe19d5db000 ---p 00000000 00:00 0 
7fe19d5db000-7fe19d6db000 rw-p 00000000 00:00 0 
7fe19d6db000-7fe19d6dc000 ---p 00000000 00:00 0 
7fe19d6dc000-7fe19d7dc000 rw-p 00000000 00:00 0 
7fe19d7dc000-7fe19d7dd000 ---p 00000000 00:00 0 
7fe19d7dd000-7fe19d8f2000 rw-p 00000000 00:00 0 
7fe19d8f2000-7fe19da33000 ---p 00000000 00:00 0 
7fe19da33000-7fe19da48000 rw-p 00000000 00:00 0 
7fe19da48000-7fe19db88000 ---p 00000000 00:00 0 
7fe19db88000-7fe19dbd7000 rw-p 00000000 00:00 0 
7fe19dbd7000-7fe19dc33000 ---p 00000000 00:00 0 
7fe19dc33000-7fe19dc4f000 rw-p 00000000 00:00 0 
7fe19dc4f000-7fe19dff4000 ---p 00000000 00:00 0 
7fe19dff4000-7fe19e00e000 r-xp 00000000 08:07 3814215                    /usr/local/java/jdk1.8.0_73/jre/lib/amd64/libzip.so
7fe19e00e000-7fe19e20e000 ---p 0001a000 08:07 3814215                    /usr/local/java/jdk1.8.0_73/jre/lib/amd64/libzip.so
7fe19e20e000-7fe19e20f000 rw-p 0001a000 08:07 3814215                    /usr/local/java/jdk1.8.0_73/jre/lib/amd64/libzip.so
7fe19e20f000-7fe19e21a000 r-xp 00000000 08:07 791055                     /lib/x86_64-linux-gnu/libnss_files-2.23.so
7fe19e21a000-7fe19e419000 ---p 0000b000 08:07 791055                     /lib/x86_64-linux-gnu/libnss_files-2.23.so
7fe19e419000-7fe19e41a000 r--p 0000a000 08:07 791055                     /lib/x86_64-linux-gnu/libnss_files-2.23.so
7fe19e41a000-7fe19e41b000 rw-p 0000b000 08:07 791055                     /lib/x86_64-linux-gnu/libnss_files-2.23.so
7fe19e41b000-7fe19e421000 rw-p 00000000 00:00 0 
7fe19e421000-7fe19e42c000 r-xp 00000000 08:07 791002                     /lib/x86_64-linux-gnu/libnss_nis-2.23.so
7fe19e42c000-7fe19e62b000 ---p 0000b000 08:07 791002                     /lib/x86_64-linux-gnu/libnss_nis-2.23.so
7fe19e62b000-7fe19e62c000 r--p 0000a000 08:07 791002                     /lib/x86_64-linux-gnu/libnss_nis-2.23.so
7fe19e62c000-7fe19e62d000 rw-p 0000b000 08:07 791002                     /lib/x86_64-linux-gnu/libnss_nis-2.23.so
7fe19e62d000-7fe19e643000 r-xp 00000000 08:07 790809                     /lib/x86_64-linux-gnu/libnsl-2.23.so
7fe19e643000-7fe19e842000 ---p 00016000 08:07 790809                     /lib/x86_64-linux-gnu/libnsl-2.23.so
7fe19e842000-7fe19e843000 r--p 00015000 08:07 790809                     /lib/x86_64-linux-gnu/libnsl-2.23.so
7fe19e843000-7fe19e844000 rw-p 00016000 08:07 790809                     /lib/x86_64-linux-gnu/libnsl-2.23.so
7fe19e844000-7fe19e846000 rw-p 00000000 00:00 0 
7fe19e846000-7fe19e84e000 r-xp 00000000 08:07 787666                     /lib/x86_64-linux-gnu/libnss_compat-2.23.so
7fe19e84e000-7fe19ea4d000 ---p 00008000 08:07 787666                     /lib/x86_64-linux-gnu/libnss_compat-2.23.so
7fe19ea4d000-7fe19ea4e000 r--p 00007000 08:07 787666                     /lib/x86_64-linux-gnu/libnss_compat-2.23.so
7fe19ea4e000-7fe19ea4f000 rw-p 00008000 08:07 787666                     /lib/x86_64-linux-gnu/libnss_compat-2.23.so
7fe19ea4f000-7fe19ea79000 r-xp 00000000 08:07 3814241                    /usr/local/java/jdk1.8.0_73/jre/lib/amd64/libjava.so
7fe19ea79000-7fe19ec79000 ---p 0002a000 08:07 3814241                    /usr/local/java/jdk1.8.0_73/jre/lib/amd64/libjava.so
7fe19ec79000-7fe19ec7b000 rw-p 0002a000 08:07 3814241                    /usr/local/java/jdk1.8.0_73/jre/lib/amd64/libjava.so
7fe19ec7b000-7fe19ec88000 r-xp 00000000 08:07 3814195                    /usr/local/java/jdk1.8.0_73/jre/lib/amd64/libverify.so
7fe19ec88000-7fe19ee88000 ---p 0000d000 08:07 3814195                    /usr/local/java/jdk1.8.0_73/jre/lib/amd64/libverify.so
7fe19ee88000-7fe19ee8a000 rw-p 0000d000 08:07 3814195                    /usr/local/java/jdk1.8.0_73/jre/lib/amd64/libverify.so
7fe19ee8a000-7fe19ee91000 r-xp 00000000 08:07 794759                     /lib/x86_64-linux-gnu/librt-2.23.so
7fe19ee91000-7fe19f090000 ---p 00007000 08:07 794759                     /lib/x86_64-linux-gnu/librt-2.23.so
7fe19f090000-7fe19f091000 r--p 00006000 08:07 794759                     /lib/x86_64-linux-gnu/librt-2.23.so
7fe19f091000-7fe19f092000 rw-p 00007000 08:07 794759                     /lib/x86_64-linux-gnu/librt-2.23.so
7fe19f092000-7fe19f19a000 r-xp 00000000 08:07 794754                     /lib/x86_64-linux-gnu/libm-2.23.so
7fe19f19a000-7fe19f399000 ---p 00108000 08:07 794754                     /lib/x86_64-linux-gnu/libm-2.23.so
7fe19f399000-7fe19f39a000 r--p 00107000 08:07 794754                     /lib/x86_64-linux-gnu/libm-2.23.so
7fe19f39a000-7fe19f39b000 rw-p 00108000 08:07 794754                     /lib/x86_64-linux-gnu/libm-2.23.so
7fe19f39b000-7fe1a005a000 r-xp 00000000 08:07 3814245                    /usr/local/java/jdk1.8.0_73/jre/lib/amd64/server/libjvm.so
7fe1a005a000-7fe1a0259000 ---p 00cbf000 08:07 3814245                    /usr/local/java/jdk1.8.0_73/jre/lib/amd64/server/libjvm.so
7fe1a0259000-7fe1a0332000 rw-p 00cbe000 08:07 3814245                    /usr/local/java/jdk1.8.0_73/jre/lib/amd64/server/libjvm.so
7fe1a0332000-7fe1a037b000 rw-p 00000000 00:00 0 
7fe1a037b000-7fe1a053b000 r-xp 00000000 08:07 794773                     /lib/x86_64-linux-gnu/libc-2.23.so
7fe1a053b000-7fe1a073a000 ---p 001c0000 08:07 794773                     /lib/x86_64-linux-gnu/libc-2.23.so
7fe1a073a000-7fe1a073e000 r--p 001bf000 08:07 794773                     /lib/x86_64-linux-gnu/libc-2.23.so
7fe1a073e000-7fe1a0740000 rw-p 001c3000 08:07 794773                     /lib/x86_64-linux-gnu/libc-2.23.so
7fe1a0740000-7fe1a0744000 rw-p 00000000 00:00 0 
7fe1a0744000-7fe1a0747000 r-xp 00000000 08:07 794774                     /lib/x86_64-linux-gnu/libdl-2.23.so
7fe1a0747000-7fe1a0946000 ---p 00003000 08:07 794774                     /lib/x86_64-linux-gnu/libdl-2.23.so
7fe1a0946000-7fe1a0947000 r--p 00002000 08:07 794774                     /lib/x86_64-linux-gnu/libdl-2.23.so
7fe1a0947000-7fe1a0948000 rw-p 00003000 08:07 794774                     /lib/x86_64-linux-gnu/libdl-2.23.so
7fe1a0948000-7fe1a095d000 r-xp 00000000 08:07 3685716                    /usr/local/java/jdk1.8.0_73/lib/amd64/jli/libjli.so
7fe1a095d000-7fe1a0b5d000 ---p 00015000 08:07 3685716                    /usr/local/java/jdk1.8.0_73/lib/amd64/jli/libjli.so
7fe1a0b5d000-7fe1a0b5e000 rw-p 00015000 08:07 3685716                    /usr/local/java/jdk1.8.0_73/lib/amd64/jli/libjli.so
7fe1a0b5e000-7fe1a0b76000 r-xp 00000000 08:07 794771                     /lib/x86_64-linux-gnu/libpthread-2.23.so
7fe1a0b76000-7fe1a0d75000 ---p 00018000 08:07 794771                     /lib/x86_64-linux-gnu/libpthread-2.23.so
7fe1a0d75000-7fe1a0d76000 r--p 00017000 08:07 794771                     /lib/x86_64-linux-gnu/libpthread-2.23.so
7fe1a0d76000-7fe1a0d77000 rw-p 00018000 08:07 794771                     /lib/x86_64-linux-gnu/libpthread-2.23.so
7fe1a0d77000-7fe1a0d7b000 rw-p 00000000 00:00 0 
7fe1a0d7b000-7fe1a0da1000 r-xp 00000000 08:07 794760                     /lib/x86_64-linux-gnu/ld-2.23.so
7fe1a0da7000-7fe1a0e79000 rw-p 00000000 00:00 0 
7fe1a0e79000-7fe1a0e7c000 ---p 00000000 00:00 0 
7fe1a0e7c000-7fe1a0f7e000 rw-p 00000000 00:00 0 
7fe1a0f80000-7fe1a0f94000 rw-p 00000000 00:00 0 
7fe1a0f94000-7fe1a0f9c000 rw-s 00000000 08:07 2516861                    /tmp/hsperfdata_neeraj/21234
7fe1a0f9c000-7fe1a0f9d000 rw-p 00000000 00:00 0 
7fe1a0f9d000-7fe1a0f9e000 ---p 00000000 00:00 0 
7fe1a0f9e000-7fe1a0fa0000 rw-p 00000000 00:00 0 
7fe1a0fa0000-7fe1a0fa1000 r--p 00025000 08:07 794760                     /lib/x86_64-linux-gnu/ld-2.23.so
7fe1a0fa1000-7fe1a0fa2000 rw-p 00026000 08:07 794760                     /lib/x86_64-linux-gnu/ld-2.23.so
7fe1a0fa2000-7fe1a0fa3000 rw-p 00000000 00:00 0 
7ffe63d2d000-7ffe63d4e000 rw-p 00000000 00:00 0                          [stack]
7ffe63d6e000-7ffe63d70000 r--p 00000000 00:00 0                          [vvar]
7ffe63d70000-7ffe63d72000 r-xp 00000000 00:00 0                          [vdso]
ffffffffff600000-ffffffffff601000 r-xp 00000000 00:00 0                  [vsyscall]

VM Arguments:
jvm_args: -Djava.awt.headless=true -Xmx1024M -Dfile.encoding=UTF-8 -Duser.country=IN -Duser.language=en -Duser.variant 
java_command: com.android.dx.command.Main --dex --force-jumbo --num-threads=4 --multi-dex --output /home/neeraj/AndroidStudioProjects/PopularMovies/app/build/intermediates/transforms/dex/debug/folders/1000/10/com.android.support-support-v4-23.4.0_ddc698b5a5221f9ca62653e65146e89b9ee79e8b /home/neeraj/AndroidStudioProjects/PopularMovies/app/build/intermediates/exploded-aar/com.android.support/support-v4/23.4.0/jars/classes.jar
java_class_path (initial): /home/neeraj/Android/Sdk/build-tools/23.0.3/lib/dx.jar
Launcher Type: SUN_STANDARD

Environment Variables:
JAVA_HOME=/usr/local/java/jdk1.8.0_73
JRE_HOME=/usr/local/java/jdk1.8.0_73/jre
PATH=/home/neeraj/bin:/usr/local/sbin:/usr/local/bin:/usr/sbin:/usr/bin:/sbin:/bin:/usr/games:/usr/local/games:/snap/bin:/usr/local/java/jdk1.8.0_73/bin:/usr/local/java/jdk1.8.0_73/jre/bin
SHELL=/bin/bash
DISPLAY=:0

Signal Handlers:
SIGSEGV: [libjvm.so+0xabafa0], sa_mask[0]=11111111011111111101111111111110, sa_flags=SA_RESTART|SA_SIGINFO
SIGBUS: [libjvm.so+0xabafa0], sa_mask[0]=11111111011111111101111111111110, sa_flags=SA_RESTART|SA_SIGINFO
SIGFPE: [libjvm.so+0x9183c0], sa_mask[0]=11111111011111111101111111111110, sa_flags=SA_RESTART|SA_SIGINFO
SIGPIPE: [libjvm.so+0x9183c0], sa_mask[0]=11111111011111111101111111111110, sa_flags=SA_RESTART|SA_SIGINFO
SIGXFSZ: [libjvm.so+0x9183c0], sa_mask[0]=11111111011111111101111111111110, sa_flags=SA_RESTART|SA_SIGINFO
SIGILL: [libjvm.so+0x9183c0], sa_mask[0]=11111111011111111101111111111110, sa_flags=SA_RESTART|SA_SIGINFO
SIGUSR1: SIG_DFL, sa_mask[0]=00000000000000000000000000000000, sa_flags=none
SIGUSR2: [libjvm.so+0x9199f0], sa_mask[0]=00100000000000000000000000000000, sa_flags=SA_RESTART|SA_SIGINFO
SIGHUP: [libjvm.so+0x91adf0], sa_mask[0]=11111111011111111101111111111110, sa_flags=SA_RESTART|SA_SIGINFO
SIGINT: [libjvm.so+0x91adf0], sa_mask[0]=11111111011111111101111111111110, sa_flags=SA_RESTART|SA_SIGINFO
SIGTERM: [libjvm.so+0x91adf0], sa_mask[0]=11111111011111111101111111111110, sa_flags=SA_RESTART|SA_SIGINFO
SIGQUIT: [libjvm.so+0x91adf0], sa_mask[0]=11111111011111111101111111111110, sa_flags=SA_RESTART|SA_SIGINFO


---------------  S Y S T E M  ---------------

OS:DISTRIB_ID=Ubuntu
DISTRIB_RELEASE=16.04
DISTRIB_CODENAME=xenial
DISTRIB_DESCRIPTION="Ubuntu 16.04.1 LTS"

uname:Linux 4.4.0-38-generic #57-Ubuntu SMP Tue Sep 6 15:42:33 UTC 2016 x86_64
libc:glibc 2.23 NPTL 2.23 
rlimit: STACK 8192k, CORE 0k, NPROC 15159, NOFILE 65536, AS infinity
load average:57.68 21.46 8.70

/proc/meminfo:
MemTotal:        3976520 kB
MemFree:           99072 kB
MemAvailable:       8120 kB
Buffers:             704 kB
Cached:            58492 kB
SwapCached:        11636 kB
Active:          2798376 kB
Inactive:         803420 kB
Active(anon):    2790380 kB
Inactive(anon):   784724 kB
Active(file):       7996 kB
Inactive(file):    18696 kB
Unevictable:          84 kB
Mlocked:              84 kB
SwapTotal:       1999868 kB
SwapFree:              4 kB
Dirty:                12 kB
Writeback:             0 kB
AnonPages:       3532932 kB
Mapped:            86680 kB
Shmem:             31856 kB
Slab:              83420 kB
SReclaimable:      36432 kB
SUnreclaim:        46988 kB
KernelStack:       13328 kB
PageTables:        57708 kB
NFS_Unstable:          0 kB
Bounce:                0 kB
WritebackTmp:          0 kB
CommitLimit:     3988128 kB
Committed_AS:   11394844 kB
VmallocTotal:   34359738367 kB
VmallocUsed:           0 kB
VmallocChunk:          0 kB
HardwareCorrupted:     0 kB
AnonHugePages:   1841152 kB
CmaTotal:              0 kB
CmaFree:               0 kB
HugePages_Total:       0
HugePages_Free:        0
HugePages_Rsvd:        0
HugePages_Surp:        0
Hugepagesize:       2048 kB
DirectMap4k:      262464 kB
DirectMap2M:     2813952 kB
DirectMap1G:     2097152 kB


CPU:total 4 (2 cores per cpu, 2 threads per core) family 6 model 69 stepping 1, cmov, cx8, fxsr, mmx, sse, sse2, sse3, ssse3, sse4.1, sse4.2, popcnt, avx, avx2, aes, clmul, erms, lzcnt, ht, tsc, tscinvbit, bmi1, bmi2

/proc/cpuinfo:
processor	: 0
vendor_id	: GenuineIntel
cpu family	: 6
model		: 69
model name	: Intel(R) Core(TM) i3-4005U CPU @ 1.70GHz
stepping	: 1
microcode	: 0x1d
cpu MHz		: 896.949
cache size	: 3072 KB
physical id	: 0
siblings	: 4
core id		: 0
cpu cores	: 2
apicid		: 0
initial apicid	: 0
fpu		: yes
fpu_exception	: yes
cpuid level	: 13
wp		: yes
flags		: fpu vme de pse tsc msr pae mce cx8 apic sep mtrr pge mca cmov pat pse36 clflush dts acpi mmx fxsr sse sse2 ss ht tm pbe syscall nx pdpe1gb rdtscp lm constant_tsc arch_perfmon pebs bts rep_good nopl xtopology nonstop_tsc aperfmperf eagerfpu pni pclmulqdq dtes64 monitor ds_cpl vmx est tm2 ssse3 sdbg fma cx16 xtpr pdcm pcid sse4_1 sse4_2 movbe popcnt tsc_deadline_timer aes xsave avx f16c rdrand lahf_lm abm epb tpr_shadow vnmi flexpriority ept vpid fsgsbase tsc_adjust bmi1 avx2 smep bmi2 erms invpcid xsaveopt dtherm ida arat pln pts
bugs		:
bogomips	: 3392.27
clflush size	: 64
cache_alignment	: 64
address sizes	: 39 bits physical, 48 bits virtual
power management:

processor	: 1
vendor_id	: GenuineIntel
cpu family	: 6
model		: 69
model name	: Intel(R) Core(TM) i3-4005U CPU @ 1.70GHz
stepping	: 1
microcode	: 0x1d
cpu MHz		: 1700.000
cache size	: 3072 KB
physical id	: 0
siblings	: 4
core id		: 0
cpu cores	: 2
apicid		: 1
initial apicid	: 1
fpu		: yes
fpu_exception	: yes
cpuid level	: 13
wp		: yes
flags		: fpu vme de pse tsc msr pae mce cx8 apic sep mtrr pge mca cmov pat pse36 clflush dts acpi mmx fxsr sse sse2 ss ht tm pbe syscall nx pdpe1gb rdtscp lm constant_tsc arch_perfmon pebs bts rep_good nopl xtopology nonstop_tsc aperfmperf eagerfpu pni pclmulqdq dtes64 monitor ds_cpl vmx est tm2 ssse3 sdbg fma cx16 xtpr pdcm pcid sse4_1 sse4_2 movbe popcnt tsc_deadline_timer aes xsave avx f16c rdrand lahf_lm abm epb tpr_shadow vnmi flexpriority ept vpid fsgsbase tsc_adjust bmi1 avx2 smep bmi2 erms invpcid xsaveopt dtherm ida arat pln pts
bugs		:
bogomips	: 3392.27
clflush size	: 64
cache_alignment	: 64
address sizes	: 39 bits physical, 48 bits virtual
power management:

processor	: 2
vendor_id	: GenuineIntel
cpu family	: 6
model		: 69
model name	: Intel(R) Core(TM) i3-4005U CPU @ 1.70GHz
stepping	: 1
microcode	: 0x1d
cpu MHz		: 1700.000
cache size	: 3072 KB
physical id	: 0
siblings	: 4
core id		: 1
cpu cores	: 2
apicid		: 2
initial apicid	: 2
fpu		: yes
fpu_exception	: yes
cpuid level	: 13
wp		: yes
flags		: fpu vme de pse tsc msr pae mce cx8 apic sep mtrr pge mca cmov pat pse36 clflush dts acpi mmx fxsr sse sse2 ss ht tm pbe syscall nx pdpe1gb rdtscp lm constant_tsc arch_perfmon pebs bts rep_good nopl xtopology nonstop_tsc aperfmperf eagerfpu pni pclmulqdq dtes64 monitor ds_cpl vmx est tm2 ssse3 sdbg fma cx16 xtpr pdcm pcid sse4_1 sse4_2 movbe popcnt tsc_deadline_timer aes xsave avx f16c rdrand lahf_lm abm epb tpr_shadow vnmi flexpriority ept vpid fsgsbase tsc_adjust bmi1 avx2 smep bmi2 erms invpcid xsaveopt dtherm ida arat pln pts
bugs		:
bogomips	: 3392.27
clflush size	: 64
cache_alignment	: 64
address sizes	: 39 bits physical, 48 bits virtual
power management:

processor	: 3
vendor_id	: GenuineIntel
cpu family	: 6
model		: 69
model name	: Intel(R) Core(TM) i3-4005U CPU @ 1.70GHz
stepping	: 1
microcode	: 0x1d
cpu MHz		: 1700.000
cache size	: 3072 KB
physical id	: 0
siblings	: 4
core id		: 1
cpu cores	: 2
apicid		: 3
initial apicid	: 3
fpu		: yes
fpu_exception	: yes
cpuid level	: 13
wp		: yes
flags		: fpu vme de pse tsc msr pae mce cx8 apic sep mtrr pge mca cmov pat pse36 clflush dts acpi mmx fxsr sse sse2 ss ht tm pbe syscall nx pdpe1gb rdtscp lm constant_tsc arch_perfmon pebs bts rep_good nopl xtopology nonstop_tsc aperfmperf eagerfpu pni pclmulqdq dtes64 monitor ds_cpl vmx est tm2 ssse3 sdbg fma cx16 xtpr pdcm pcid sse4_1 sse4_2 movbe popcnt tsc_deadline_timer aes xsave avx f16c rdrand lahf_lm abm epb tpr_shadow vnmi flexpriority ept vpid fsgsbase tsc_adjust bmi1 avx2 smep bmi2 erms invpcid xsaveopt dtherm ida arat pln pts
bugs		:
bogomips	: 3392.27
clflush size	: 64
cache_alignment	: 64
address sizes	: 39 bits physical, 48 bits virtual
power management:



Memory: 4k page, physical 3976520k(99072k free), swap 1999868k(4k free)

vm_info: Java HotSpot(TM) 64-Bit Server VM (25.73-b02) for linux-amd64 JRE (1.8.0_73-b02), built on Jan 29 2016 17:39:45 by "java_re" with gcc 4.3.0 20080428 (Red Hat 4.3.0-8)

